build/app/outputs/mapping/release/seeds.txt
com.example.one_in_million.MainActivity
com.example.one_in_million.MainActivity: MainActivity()
...
com.pichillilorenzo.flutter_inappwebview.R$drawable: int abc_textfield_search_material
com.pichillilorenzo.flutter_inappwebview.in_app_browser.InAppBrowserActivity: com.pichillilorenzo.flutter_inappwebview.in_app_webview.InAppWebView webView
com.pichillilorenzo.flutter_inappwebview.R$styleable: int FontFamily_fontProviderFetchTimeout
com.pichillilorenzo.flutter_inappwebview.R$animator: int fragment_fade_enter
com.google.android.gms.internal.measurement.zzey: boolean zzg
com.google.android.recaptcha.internal.zzeh: com.google.android.recaptcha.internal.zzeh zzJ
com.pichillilorenzo.flutter_inappwebview.in_app_webview.InAppWebView: java.lang.Runnable checkScrollStoppedTask
com.google.android.recaptcha.internal.zzi: com.google.android.gms.common.GoogleApiAvailabilityLight zzb
com.google.android.recaptcha.internal.zzcv: int zzc
com.google.android.gms.internal.measurement.zzgg: int zze
com.google.android.gms.internal.measurement.zzfv: java.lang.String zze
com.pichillilorenzo.flutter_inappwebview.R$style: int TextAppearance_AppCompat_Widget_Button
com.pichillilorenzo.flutter_inappwebview.in_app_browser.InAppBrowserOptions: java.lang.String LOG_TAG
com.pichillilorenzo.flutter_inappwebview.R$style: int Widget_AppCompat_Toolbar_Button_Navigation
com.google.firebase.firestore.proto.UnknownDocument: java.lang.String name_
com.google.firestore.v1.WriteResult: int UPDATE_TIME_FIELD_NUMBER
com.pichillilorenzo.flutter_inappwebview.R$style: int Base_Widget_AppCompat_SearchView_ActionBar
com.pichillilorenzo.flutter_inappwebview.R$styleable: int ActionBar_titleTextStyle
com.pichillilorenzo.flutter_inappwebview.types.ClientCertChallenge: java.security.Principal[] principals
com.pichillilorenzo.flutter_inappwebview.R$layout: int notification_template_icon_group
com.pichillilorenzo.flutter_inappwebview.in_app_webview.InAppWebViewChromeClient: android.widget.FrameLayout$LayoutParams FULLSCREEN_LAYOUT_PARAMS
com.pichillilorenzo.flutter_inappwebview.R$styleable: int View_android_theme
com.pichillilorenzo.flutter_inappwebview.R$styleable: int AppCompatTextView_fontFamily
com.pichillilorenzo.flutter_inappwebview.types.URLProtectionSpace: java.lang.Long id
com.pichillilorenzo.flutter_inappwebview.R$attr: int titleMarginStart
com.pichillilorenzo.flutter_inappwebview.R$color: int bright_foreground_material_dark
io.flutter.view.AccessibilityViewEmbedder: java.lang.String TAG
com.pichillilorenzo.flutter_inappwebview.R$layout: int abc_popup_menu_header_item_layout
com.pichillilorenzo.flutter_inappwebview.in_app_webview.InAppWebView$8: float val$pixelDensity
com.pichillilorenzo.flutter_inappwebview.R$string: int fallback_menu_item_share_link
com.pichillilorenzo.flutter_inappwebview.in_app_webview.InAppWebView: android.graphics.Point lastTouch
com.google.android.gms.internal.firebase-auth-api.zzpp: com.google.android.gms.internal.firebase-auth-api.zzpp zzb
com.pichillilorenzo.flutter_inappwebview.R$styleable: int AppCompatTheme_toolbarNavigationButtonStyle
com.pichillilorenzo.flutter_inappwebview.R$style: int Base_Widget_AppCompat_PopupMenu_Overflow
com.google.android.gms.internal.firebase-auth-api.zzpd: int zzd
com.google.android.gms.internal.measurement.zzgd: long zzx
com.pichillilorenzo.flutter_inappwebview.R$drawable: int abc_btn_radio_to_on_mtrl_015
com.pichillilorenzo.flutter_inappwebview.R$styleable: int FontFamilyFont_android_ttcIndex
com.pichillilorenzo.flutter_inappwebview.R$attr: int lastBaselineToBottomHeight
com.pichillilorenzo.flutter_inappwebview.R$attr: int buttonTintMode
com.pichillilorenzo.flutter_inappwebview.R$styleable: int MenuItem_android_numericShortcut
com.google.android.recaptcha.internal.zzde: com.google.android.recaptcha.internal.zzde zzb
com.pichillilorenzo.flutter_inappwebview.in_app_webview.InAppWebViewChromeClient$16: int val$windowId
com.google.android.gms.auth.api.signin.GoogleSignInAccount: android.os.Parcelable$Creator CREATOR
com.pichillilorenzo.flutter_inappwebview.R$styleable: int AppCompatTheme_colorError