build/app/outputs/mapping/release/mapping.txt
# compiler: R8
# compiler_version: 3.1.66
# min_api: 19
# pg_map_id: 80cbe36
# common_typos_disable
# {"id":"com.android.tools.r8.mapping","version":"1.0"}
...
com.google.android.gms.common.internal.safeparcel.SafeParcelableSerializer -> s0.e:
    com.google.android.gms.common.internal.safeparcel.SafeParcelable deserializeFromBytes(byte[],android.os.Parcelable$Creator) -> a
    com.google.android.gms.common.internal.safeparcel.SafeParcelable deserializeFromIntentExtra(android.content.Intent,java.lang.String,android.os.Parcelable$Creator) -> b
    com.google.android.gms.common.internal.safeparcel.SafeParcelable deserializeFromString(java.lang.String,android.os.Parcelable$Creator) -> c
    byte[] serializeToBytes(com.google.android.gms.common.internal.safeparcel.SafeParcelable) -> d
    void serializeToIntentExtra(com.google.android.gms.common.internal.safeparcel.SafeParcelable,android.content.Intent,java.lang.String) -> e
    java.lang.String serializeToString(com.google.android.gms.common.internal.safeparcel.SafeParcelable) -> f
com.google.android.gms.common.internal.service.zai -> t0.a:
    void zae(com.google.android.gms.common.internal.TelemetryData) -> f0
com.google.android.gms.common.internal.service.zam -> t0.b:
    com.google.android.gms.common.internal.TelemetryData zaa -> a
    void accept(java.lang.Object,java.lang.Object) -> a
com.google.android.gms.common.internal.service.zan -> t0.c:
    com.google.android.gms.common.api.Api$Client buildClient(android.content.Context,android.os.Looper,com.google.android.gms.common.internal.ClientSettings,java.lang.Object,com.google.android.gms.common.api.internal.ConnectionCallbacks,com.google.android.gms.common.api.internal.OnConnectionFailedListener) -> b
com.google.android.gms.common.internal.service.zao -> t0.d:
    com.google.android.gms.common.api.Api$AbstractClientBuilder zad -> l
    int zab -> n
    com.google.android.gms.common.api.Api zae -> m
    com.google.android.gms.common.api.Api$ClientKey zac -> k
    com.google.android.gms.tasks.Task log(com.google.android.gms.common.internal.TelemetryData) -> a
com.google.android.gms.common.internal.service.zap -> t0.e:
    com.google.android.gms.common.internal.TelemetryLoggingOptions zaa -> I
    android.os.Bundle getGetServiceRequestExtraArgs() -> A
    java.lang.String getServiceDescriptor() -> E
    java.lang.String getStartServiceAction() -> F
    boolean getUseDynamicLookup() -> I
    int getMinApkVersion() -> f
    android.os.IInterface createServiceInterface(android.os.IBinder) -> s
    com.google.android.gms.common.Feature[] getApiFeatures() -> v
com.google.android.gms.common.internal.zaab -> r0.z:
com.google.android.gms.common.internal.zaac -> r0.a0:
com.google.android.gms.common.internal.zaad -> r0.b0:
com.google.android.gms.common.internal.zab -> r0.c0:
    java.util.Set zaa -> a
com.google.android.gms.common.internal.zac -> r0.d0:
    androidx.collection.SimpleArrayMap zaa -> a
    java.util.Locale zab -> b
    java.lang.String zaa(android.content.Context) -> a
    java.lang.String zab(android.content.Context) -> b
    java.lang.String zac(android.content.Context,int) -> c
    java.lang.String zad(android.content.Context,int) -> d
    java.lang.String zae(android.content.Context,int) -> e
    java.lang.String zaf(android.content.Context,int) -> f
    java.lang.String zag(android.content.Context,int) -> g
    java.lang.String zah(android.content.Context,java.lang.String,java.lang.String) -> h
    java.lang.String zai(android.content.Context,java.lang.String) -> i
com.google.android.gms.common.internal.zad -> r0.e0:
    android.content.Intent zaa -> o
    android.app.Activity zab -> p
    int zac -> q
    void zaa() -> a
com.google.android.gms.common.internal.zaf -> r0.f0:
    android.content.Intent zaa -> o
    com.google.android.gms.common.api.internal.LifecycleFragment zab -> p
    void zaa() -> a