build/app/outputs/mapping/release/usage.txt
com.example.one_in_million.BuildConfig
com.example.one_in_million.R$anim
com.example.one_in_million.R$animator
com.example.one_in_million.R$attr
com.example.one_in_million.R$bool
com.example.one_in_million.R$color
com.example.one_in_million.R$dimen
com.example.one_in_million.R$drawable
com.example.one_in_million.R$id
com.example.one_in_million.R$integer
com.example.one_in_million.R$interpolator
com.example.one_in_million.R$layout
com.example.one_in_million.R$menu
com.example.one_in_million.R$mipmap
com.example.one_in_million.R$raw
com.example.one_in_million.R$string
com.example.one_in_million.R$style
com.example.one_in_million.R$styleable
com.example.one_in_million.R$xml
com.example.one_in_million.R
...
io.grpc.stub.ClientCallStreamObserver
io.grpc.stub.ClientCalls$1
io.grpc.stub.ClientCalls$BlockingResponseStream$QueuingListener
io.grpc.stub.ClientCalls$BlockingResponseStream
io.grpc.stub.ClientCalls$CallToStreamObserverAdapter
io.grpc.stub.ClientCalls$GrpcFuture
io.grpc.stub.ClientCalls$StartableListener
io.grpc.stub.ClientCalls$StreamObserverToCallListenerAdapter
io.grpc.stub.ClientCalls$ThreadlessExecutor
io.grpc.stub.ClientCalls$UnaryStreamToFuture
io.grpc.stub.ClientCalls:
    public static io.grpc.stub.StreamObserver asyncBidiStreamingCall(io.grpc.ClientCall,io.grpc.stub.StreamObserver)
    public static io.grpc.stub.StreamObserver asyncClientStreamingCall(io.grpc.ClientCall,io.grpc.stub.StreamObserver)
    public static void asyncServerStreamingCall(io.grpc.ClientCall,java.lang.Object,io.grpc.stub.StreamObserver)
    private static io.grpc.stub.StreamObserver asyncStreamingRequestCall(io.grpc.ClientCall,io.grpc.stub.StreamObserver,boolean)
    public static void asyncUnaryCall(io.grpc.ClientCall,java.lang.Object,io.grpc.stub.StreamObserver)
    private static void asyncUnaryRequestCall(io.grpc.ClientCall,java.lang.Object,io.grpc.stub.ClientCalls$StartableListener)
    private static void asyncUnaryRequestCall(io.grpc.ClientCall,java.lang.Object,io.grpc.stub.StreamObserver,boolean)
    public static java.util.Iterator blockingServerStreamingCall(io.grpc.Channel,io.grpc.MethodDescriptor,io.grpc.CallOptions,java.lang.Object)
    public static java.util.Iterator blockingServerStreamingCall(io.grpc.ClientCall,java.lang.Object)
    public static java.lang.Object blockingUnaryCall(io.grpc.Channel,io.grpc.MethodDescriptor,io.grpc.CallOptions,java.lang.Object)
    public static java.lang.Object blockingUnaryCall(io.grpc.ClientCall,java.lang.Object)
    private static java.lang.RuntimeException cancelThrow(io.grpc.ClientCall,java.lang.Throwable)
io.grpc.stub.ClientResponseObserver
io.grpc.stub.InternalClientCalls$StubType
io.grpc.stub.InternalClientCalls
io.grpc.stub.MetadataUtils$HeaderAttachingClientInterceptor$HeaderAttachingClientCall
io.grpc.stub.MetadataUtils$HeaderAttachingClientInterceptor
io.grpc.stub.MetadataUtils$MetadataCapturingClientInterceptor$MetadataCapturingClientCall$MetadataCapturingClientCallListener
io.grpc.stub.MetadataUtils$MetadataCapturingClientInterceptor$MetadataCapturingClientCall
io.grpc.stub.MetadataUtils$MetadataCapturingClientInterceptor
io.grpc.stub.MetadataUtils
io.grpc.stub.ServerCallStreamObserver
io.grpc.stub.ServerCalls$BidiStreamingMethod
io.grpc.stub.ServerCalls$ClientStreamingMethod
io.grpc.stub.ServerCalls$NoopStreamObserver
io.grpc.stub.ServerCalls$ServerCallStreamObserverImpl
io.grpc.stub.ServerCalls$ServerStreamingMethod
io.grpc.stub.ServerCalls$StreamingRequestMethod
io.grpc.stub.ServerCalls$StreamingServerCallHandler$StreamingServerCallListener
io.grpc.stub.ServerCalls$StreamingServerCallHandler
io.grpc.stub.ServerCalls$UnaryMethod
io.grpc.stub.ServerCalls$UnaryRequestMethod
io.grpc.stub.ServerCalls$UnaryServerCallHandler$UnaryServerCallListener
io.grpc.stub.ServerCalls$UnaryServerCallHandler
io.grpc.stub.ServerCalls
io.grpc.stub.StreamObserver
io.grpc.stub.StreamObservers$1FlowControllingOnReadyHandler
io.grpc.stub.StreamObservers
io.grpc.stub.annotations.GrpcGenerated
io.grpc.stub.annotations.RpcMethod
io.grpc.util.AdvancedTlsX509KeyManager$1
io.grpc.util.AdvancedTlsX509KeyManager$Closeable
io.grpc.util.AdvancedTlsX509KeyManager$KeyInfo
io.grpc.util.AdvancedTlsX509KeyManager$LoadFilePathExecution
io.grpc.util.AdvancedTlsX509KeyManager$UpdateResult
io.grpc.util.AdvancedTlsX509KeyManager
io.grpc.util.AdvancedTlsX509TrustManager$1
io.grpc.util.AdvancedTlsX509TrustManager$Builder
io.grpc.util.AdvancedTlsX509TrustManager$Closeable
io.grpc.util.AdvancedTlsX509TrustManager$LoadFilePathExecution
io.grpc.util.AdvancedTlsX509TrustManager$SslSocketAndEnginePeerVerifier
io.grpc.util.AdvancedTlsX509TrustManager$Verification
io.grpc.util.AdvancedTlsX509TrustManager